0 info it worked if it ends with ok
1 verbose cli [ '/usr/local/bin/node', '/usr/local/bin/npm', 'run', 'pack' ]
2 info using npm@3.10.10
3 info using node@v6.11.5
4 verbose run-script [ 'prepack', 'pack', 'postpack' ]
5 info lifecycle bailbloc@1.1.4~prepack: bailbloc@1.1.4
6 silly lifecycle bailbloc@1.1.4~prepack: no script for prepack, continuing
7 info lifecycle bailbloc@1.1.4~pack: bailbloc@1.1.4
8 verbose lifecycle bailbloc@1.1.4~pack: unsafe-perm in lifecycle true
9 verbose lifecycle bailbloc@1.1.4~pack: PATH: /usr/local/lib/node_modules/npm/bin/node-gyp-bin:/Volumes/swap/workbench/bailbloc/desktop/node_modules/.bin:/usr/local/bin:/usr/bin:/bin:/usr/sbin:/sbin
10 verbose lifecycle bailbloc@1.1.4~pack: CWD: /Volumes/swap/workbench/bailbloc/desktop
11 silly lifecycle bailbloc@1.1.4~pack: Args: [ '-c', 'electron-builder --dir' ]
12 silly lifecycle bailbloc@1.1.4~pack: Returned: code: 1  signal: null
13 info lifecycle bailbloc@1.1.4~pack: Failed to exec pack script
14 verbose stack Error: bailbloc@1.1.4 pack: `electron-builder --dir`
14 verbose stack Exit status 1
14 verbose stack     at EventEmitter.<anonymous> (/usr/local/lib/node_modules/npm/lib/utils/lifecycle.js:255:16)
14 verbose stack     at emitTwo (events.js:106:13)
14 verbose stack     at EventEmitter.emit (events.js:191:7)
14 verbose stack     at ChildProcess.<anonymous> (/usr/local/lib/node_modules/npm/lib/utils/spawn.js:40:14)
14 verbose stack     at emitTwo (events.js:106:13)
14 verbose stack     at ChildProcess.emit (events.js:191:7)
14 verbose stack     at maybeClose (internal/child_process.js:920:16)
14 verbose stack     at Process.ChildProcess._handle.onexit (internal/child_process.js:230:5)
15 verbose pkgid bailbloc@1.1.4
16 verbose cwd /Volumes/swap/workbench/bailbloc/desktop
17 error Darwin 16.7.0
18 error argv "/usr/local/bin/node" "/usr/local/bin/npm" "run" "pack"
19 error node v6.11.5
20 error npm  v3.10.10
21 error code ELIFECYCLE
22 error bailbloc@1.1.4 pack: `electron-builder --dir`
22 error Exit status 1
23 error Failed at the bailbloc@1.1.4 pack script 'electron-builder --dir'.
23 error Make sure you have the latest version of node.js and npm installed.
23 error If you do, this is most likely a problem with the bailbloc package,
23 error not with npm itself.
23 error Tell the author that this fails on your system:
23 error     electron-builder --dir
23 error You can get information on how to open an issue for this project with:
23 error     npm bugs bailbloc
23 error Or if that isn't available, you can get their info via:
23 error     npm owner ls bailbloc
23 error There is likely additional logging output above.
24 verbose exit [ 1, true ]
